[2024-12-17 13:20:36.905] [jointLog] [info] setting maxHashResizeThreads to 2
[2024-12-17 13:20:36.905] [jointLog] [info] Fragment incompatibility prior below threshold.  Incompatible fragments will be ignored.
[2024-12-17 13:20:36.905] [jointLog] [info] Usage of --validateMappings implies use of minScoreFraction. Since not explicitly specified, it is being set to 0.65
[2024-12-17 13:20:36.905] [jointLog] [info] Setting consensusSlack to selective-alignment default of 0.35.
[2024-12-17 13:20:36.905] [jointLog] [info] parsing read library format
[2024-12-17 13:20:36.905] [jointLog] [info] There is 1 library.
[2024-12-17 13:20:36.905] [jointLog] [info] Loading pufferfish index
[2024-12-17 13:20:36.905] [jointLog] [info] Loading dense pufferfish index.
[2024-12-17 13:20:36.913] [jointLog] [info] done
[2024-12-17 13:20:36.997] [jointLog] [info] Index contained 1,524 targets
[2024-12-17 13:20:36.997] [jointLog] [info] Number of decoys : 0
[2024-12-17 13:20:48.160] [jointLog] [info] Computed 7,783 rich equivalence classes for further processing
[2024-12-17 13:20:48.160] [jointLog] [info] Counted 1,219,907 total reads in the equivalence classes 
[2024-12-17 13:20:48.163] [jointLog] [info] Number of mappings discarded because of alignment score : 279,229
[2024-12-17 13:20:48.163] [jointLog] [info] Number of fragments entirely discarded because of alignment score : 28
[2024-12-17 13:20:48.163] [jointLog] [info] Number of fragments discarded because they are best-mapped to decoys : 0
[2024-12-17 13:20:48.163] [jointLog] [info] Number of fragments discarded because they have only dovetail (discordant) mappings to valid targets : 668
[2024-12-17 13:20:48.163] [jointLog] [warning] Only 1219907 fragments were mapped, but the number of burn-in fragments was set to 5000000.
The effective lengths have been computed using the observed mappings.

[2024-12-17 13:20:48.163] [jointLog] [info] Mapping rate = 99.9977%

[2024-12-17 13:20:48.163] [jointLog] [info] finished quantifyLibrary()
[2024-12-17 13:20:48.163] [jointLog] [info] Starting optimizer
[2024-12-17 13:20:48.166] [jointLog] [info] Marked 0 weighted equivalence classes as degenerate
[2024-12-17 13:20:48.167] [jointLog] [info] iteration = 0 | max rel diff. = 20.1307
[2024-12-17 13:20:48.229] [jointLog] [info] iteration = 100 | max rel diff. = 0.00565362
[2024-12-17 13:20:48.229] [jointLog] [info] Finished optimizer
[2024-12-17 13:20:48.229] [jointLog] [info] writing output 

[2024-12-17 13:20:48.160] [fileLog] [info] 
At end of round 0
==================
Observed 1219935 total fragments (1219935 in most recent round)

