[2024-12-17 13:20:15.555] [jointLog] [info] setting maxHashResizeThreads to 2
[2024-12-17 13:20:15.555] [jointLog] [info] Fragment incompatibility prior below threshold.  Incompatible fragments will be ignored.
[2024-12-17 13:20:15.555] [jointLog] [info] Usage of --validateMappings implies use of minScoreFraction. Since not explicitly specified, it is being set to 0.65
[2024-12-17 13:20:15.555] [jointLog] [info] Setting consensusSlack to selective-alignment default of 0.35.
[2024-12-17 13:20:15.555] [jointLog] [info] parsing read library format
[2024-12-17 13:20:15.555] [jointLog] [info] There is 1 library.
[2024-12-17 13:20:15.555] [jointLog] [info] Loading pufferfish index
[2024-12-17 13:20:15.555] [jointLog] [info] Loading dense pufferfish index.
[2024-12-17 13:20:15.564] [jointLog] [info] done
[2024-12-17 13:20:15.661] [jointLog] [info] Index contained 1,524 targets
[2024-12-17 13:20:15.661] [jointLog] [info] Number of decoys : 0
[2024-12-17 13:20:23.761] [jointLog] [info] Computed 7,508 rich equivalence classes for further processing
[2024-12-17 13:20:23.761] [jointLog] [info] Counted 988,900 total reads in the equivalence classes 
[2024-12-17 13:20:23.764] [jointLog] [info] Number of mappings discarded because of alignment score : 191,745
[2024-12-17 13:20:23.764] [jointLog] [info] Number of fragments entirely discarded because of alignment score : 30
[2024-12-17 13:20:23.764] [jointLog] [info] Number of fragments discarded because they are best-mapped to decoys : 0
[2024-12-17 13:20:23.764] [jointLog] [info] Number of fragments discarded because they have only dovetail (discordant) mappings to valid targets : 672
[2024-12-17 13:20:23.764] [jointLog] [warning] Only 988900 fragments were mapped, but the number of burn-in fragments was set to 5000000.
The effective lengths have been computed using the observed mappings.

[2024-12-17 13:20:23.764] [jointLog] [info] Mapping rate = 99.997%

[2024-12-17 13:20:23.764] [jointLog] [info] finished quantifyLibrary()
[2024-12-17 13:20:23.764] [jointLog] [info] Starting optimizer
[2024-12-17 13:20:23.766] [jointLog] [info] Marked 0 weighted equivalence classes as degenerate
[2024-12-17 13:20:23.766] [jointLog] [info] iteration = 0 | max rel diff. = 21.7359
[2024-12-17 13:20:23.795] [jointLog] [info] iteration = 100 | max rel diff. = 0.0273162
[2024-12-17 13:20:23.809] [jointLog] [info] iteration = 148 | max rel diff. = 0.00617742
[2024-12-17 13:20:23.809] [jointLog] [info] Finished optimizer
[2024-12-17 13:20:23.809] [jointLog] [info] writing output 

[2024-12-17 13:20:23.762] [fileLog] [info] 
At end of round 0
==================
Observed 988930 total fragments (988930 in most recent round)

