[2024-12-17 13:20:00.753] [jointLog] [info] setting maxHashResizeThreads to 2
[2024-12-17 13:20:00.753] [jointLog] [info] Fragment incompatibility prior below threshold.  Incompatible fragments will be ignored.
[2024-12-17 13:20:00.753] [jointLog] [info] Usage of --validateMappings implies use of minScoreFraction. Since not explicitly specified, it is being set to 0.65
[2024-12-17 13:20:00.753] [jointLog] [info] Setting consensusSlack to selective-alignment default of 0.35.
[2024-12-17 13:20:00.753] [jointLog] [info] parsing read library format
[2024-12-17 13:20:00.753] [jointLog] [info] There is 1 library.
[2024-12-17 13:20:00.754] [jointLog] [info] Loading pufferfish index
[2024-12-17 13:20:00.754] [jointLog] [info] Loading dense pufferfish index.
[2024-12-17 13:20:00.769] [jointLog] [info] done
[2024-12-17 13:20:00.861] [jointLog] [info] Index contained 1,524 targets
[2024-12-17 13:20:00.861] [jointLog] [info] Number of decoys : 0
[2024-12-17 13:20:07.734] [fileLog] [info] 
At end of round 0
==================
Observed 982579 total fragments (982579 in most recent round)

[2024-12-17 13:20:07.734] [jointLog] [info] Computed 7,476 rich equivalence classes for further processing
[2024-12-17 13:20:07.734] [jointLog] [info] Counted 982,562 total reads in the equivalence classes 
[2024-12-17 13:20:07.736] [jointLog] [info] Number of mappings discarded because of alignment score : 188,955
[2024-12-17 13:20:07.736] [jointLog] [info] Number of fragments entirely discarded because of alignment score : 17
[2024-12-17 13:20:07.736] [jointLog] [info] Number of fragments discarded because they are best-mapped to decoys : 0
[2024-12-17 13:20:07.736] [jointLog] [info] Number of fragments discarded because they have only dovetail (discordant) mappings to valid targets : 574
[2024-12-17 13:20:07.736] [jointLog] [warning] Only 982562 fragments were mapped, but the number of burn-in fragments was set to 5000000.
The effective lengths have been computed using the observed mappings.

[2024-12-17 13:20:07.736] [jointLog] [info] Mapping rate = 99.9983%

[2024-12-17 13:20:07.736] [jointLog] [info] finished quantifyLibrary()
[2024-12-17 13:20:07.737] [jointLog] [info] Starting optimizer
[2024-12-17 13:20:07.740] [jointLog] [info] Marked 0 weighted equivalence classes as degenerate
[2024-12-17 13:20:07.740] [jointLog] [info] iteration = 0 | max rel diff. = 18.4852
[2024-12-17 13:20:07.768] [jointLog] [info] iteration = 100 | max rel diff. = 0.0370121
[2024-12-17 13:20:07.776] [jointLog] [info] iteration = 130 | max rel diff. = 0.00557901
[2024-12-17 13:20:07.776] [jointLog] [info] Finished optimizer
[2024-12-17 13:20:07.776] [jointLog] [info] writing output 

