[2024-12-17 13:20:08.158] [jointLog] [info] setting maxHashResizeThreads to 2
[2024-12-17 13:20:08.158] [jointLog] [info] Fragment incompatibility prior below threshold.  Incompatible fragments will be ignored.
[2024-12-17 13:20:08.158] [jointLog] [info] Usage of --validateMappings implies use of minScoreFraction. Since not explicitly specified, it is being set to 0.65
[2024-12-17 13:20:08.158] [jointLog] [info] Setting consensusSlack to selective-alignment default of 0.35.
[2024-12-17 13:20:08.158] [jointLog] [info] parsing read library format
[2024-12-17 13:20:08.158] [jointLog] [info] There is 1 library.
[2024-12-17 13:20:08.159] [jointLog] [info] Loading pufferfish index
[2024-12-17 13:20:08.159] [jointLog] [info] Loading dense pufferfish index.
[2024-12-17 13:20:08.170] [jointLog] [info] done
[2024-12-17 13:20:08.261] [jointLog] [info] Index contained 1,524 targets
[2024-12-17 13:20:08.261] [jointLog] [info] Number of decoys : 0
[2024-12-17 13:20:15.283] [fileLog] [info] 
At end of round 0
==================
Observed 997188 total fragments (997188 in most recent round)

[2024-12-17 13:20:15.283] [jointLog] [info] Computed 7,544 rich equivalence classes for further processing
[2024-12-17 13:20:15.283] [jointLog] [info] Counted 997,171 total reads in the equivalence classes 
[2024-12-17 13:20:15.285] [jointLog] [info] Number of mappings discarded because of alignment score : 190,504
[2024-12-17 13:20:15.285] [jointLog] [info] Number of fragments entirely discarded because of alignment score : 17
[2024-12-17 13:20:15.285] [jointLog] [info] Number of fragments discarded because they are best-mapped to decoys : 0
[2024-12-17 13:20:15.285] [jointLog] [info] Number of fragments discarded because they have only dovetail (discordant) mappings to valid targets : 709
[2024-12-17 13:20:15.285] [jointLog] [warning] Only 997171 fragments were mapped, but the number of burn-in fragments was set to 5000000.
The effective lengths have been computed using the observed mappings.

[2024-12-17 13:20:15.285] [jointLog] [info] Mapping rate = 99.9983%

[2024-12-17 13:20:15.285] [jointLog] [info] finished quantifyLibrary()
[2024-12-17 13:20:15.285] [jointLog] [info] Starting optimizer
[2024-12-17 13:20:15.288] [jointLog] [info] Marked 0 weighted equivalence classes as degenerate
[2024-12-17 13:20:15.288] [jointLog] [info] iteration = 0 | max rel diff. = 21.0256
[2024-12-17 13:20:15.318] [jointLog] [info] iteration = 100 | max rel diff. = 0.00454878
[2024-12-17 13:20:15.318] [jointLog] [info] Finished optimizer
[2024-12-17 13:20:15.318] [jointLog] [info] writing output 

